<?xml version="1.0" encoding="UTF-8"?>
<testng-results skipped="0" failed="1" total="3" passed="2">
  <reporter-output>
  </reporter-output>
  <suite name="InforcePro_TestSuite" duration-ms="122342" started-at="2016-05-15T18:19:32Z" finished-at="2016-05-15T18:21:34Z">
    <groups>
    </groups>
    <test name="TC001_Login" duration-ms="51874" started-at="2016-05-15T18:19:32Z" finished-at="2016-05-15T18:20:24Z">
      <class name="com.org.InforcePro.brokerui.testcases.TC001_Login">
        <test-method status="PASS" signature="test()[pri:0, instance:com.org.InforcePro.brokerui.testcases.TC001_Login@7f15e645]" name="test" duration-ms="51861" started-at="2016-05-15T23:49:32Z" description="TC001_Login Logout" finished-at="2016-05-15T23:50:24Z">
          <reporter-output>
          </reporter-output>
        </test-method> <!-- test -->
      </class> <!-- com.org.InforcePro.brokerui.testcases.TC001_Login -->
    </test> <!-- TC001_Login -->
    <test name="TC002_Search" duration-ms="37106" started-at="2016-05-15T18:20:24Z" finished-at="2016-05-15T18:21:01Z">
      <class name="com.org.InforcePro.brokerui.testcases.TC002_Search">
        <test-method status="PASS" signature="initialize()[pri:0, instance:com.org.InforcePro.brokerui.testcases.TC002_Search@677bb8fe]" name="initialize" is-config="true" duration-ms="4284" started-at="2016-05-15T23:50:24Z" finished-at="2016-05-15T23:50:28Z">
          <reporter-output>
          </reporter-output>
        </test-method> <!-- initialize -->
        <test-method status="PASS" signature="test()[pri:0, instance:com.org.InforcePro.brokerui.testcases.TC002_Search@677bb8fe]" name="test" duration-ms="32820" started-at="2016-05-15T23:50:28Z" description="TC002_Search" finished-at="2016-05-15T23:51:01Z">
          <reporter-output>
          </reporter-output>
        </test-method> <!-- test -->
      </class> <!-- com.org.InforcePro.brokerui.testcases.TC002_Search -->
    </test> <!-- TC002_Search -->
    <test name="TC003_Sorting" duration-ms="33264" started-at="2016-05-15T18:21:01Z" finished-at="2016-05-15T18:21:34Z">
      <class name="com.org.InforcePro.brokerui.testcases.TC001_Login">
        <test-method status="PASS" signature="initialize()[pri:0, instance:com.org.InforcePro.brokerui.testcases.TC001_Login@7f15e645]" name="initialize" is-config="true" duration-ms="28836" started-at="2016-05-15T23:49:03Z" finished-at="2016-05-15T23:49:32Z">
          <reporter-output>
          </reporter-output>
        </test-method> <!-- initialize -->
        <test-method status="PASS" signature="tearDown()[pri:0, instance:com.org.InforcePro.brokerui.testcases.TC001_Login@7f15e645]" name="tearDown" is-config="true" duration-ms="734" started-at="2016-05-15T23:51:34Z" finished-at="2016-05-15T23:51:35Z">
          <reporter-output>
          </reporter-output>
        </test-method> <!-- tearDown -->
      </class> <!-- com.org.InforcePro.brokerui.testcases.TC001_Login -->
      <class name="com.org.InforcePro.brokerui.testcases.TC003_Sorting">
        <test-method status="PASS" signature="initialize()[pri:0, instance:com.org.InforcePro.brokerui.testcases.TC003_Sorting@7fbdc7db]" name="initialize" is-config="true" duration-ms="4126" started-at="2016-05-15T23:51:01Z" finished-at="2016-05-15T23:51:05Z">
          <reporter-output>
          </reporter-output>
        </test-method> <!-- initialize -->
        <test-method status="FAIL" signature="test()[pri:0, instance:com.org.InforcePro.brokerui.testcases.TC003_Sorting@7fbdc7db]" name="test" duration-ms="29136" started-at="2016-05-15T23:51:05Z" description="TC003_Sorting" finished-at="2016-05-15T23:51:34Z">
          <exception class="java.lang.AssertionError">
            <message>
              <![CDATA[Policy Number contains String also, cannot be sorted expected [true] but found [false]]]>
            </message>
            <full-stacktrace>
              <![CDATA[java.lang.AssertionError: Policy Number contains String also, cannot be sorted expected [true] but found [false]
	at org.testng.Assert.fail(Assert.java:94)
	at org.testng.Assert.failNotEquals(Assert.java:494)
	at org.testng.Assert.assertTrue(Assert.java:42)
	at com.org.InforcePro.brokerui.testcases.TC003_Sorting.test(TC003_Sorting.java:95)
	at sun.reflect.NativeMethodAccessorImpl.invoke0(Native Method)
	at sun.reflect.NativeMethodAccessorImpl.invoke(NativeMethodAccessorImpl.java:57)
	at sun.reflect.DelegatingMethodAccessorImpl.invoke(DelegatingMethodAccessorImpl.java:43)
	at java.lang.reflect.Method.invoke(Method.java:606)
	at org.testng.internal.MethodInvocationHelper.invokeMethod(MethodInvocationHelper.java:84)
	at org.testng.internal.Invoker.invokeMethod(Invoker.java:714)
	at org.testng.internal.Invoker.invokeTestMethod(Invoker.java:901)
	at org.testng.internal.Invoker.invokeTestMethods(Invoker.java:1231)
	at org.testng.internal.TestMethodWorker.invokeTestMethods(TestMethodWorker.java:127)
	at org.testng.internal.TestMethodWorker.run(TestMethodWorker.java:111)
	at org.testng.TestRunner.privateRun(TestRunner.java:767)
	at org.testng.TestRunner.run(TestRunner.java:617)
	at org.testng.SuiteRunner.runTest(SuiteRunner.java:334)
	at org.testng.SuiteRunner.runSequentially(SuiteRunner.java:329)
	at org.testng.SuiteRunner.privateRun(SuiteRunner.java:291)
	at org.testng.SuiteRunner.run(SuiteRunner.java:240)
	at org.testng.SuiteRunnerWorker.runSuite(SuiteRunnerWorker.java:52)
	at org.testng.SuiteRunnerWorker.run(SuiteRunnerWorker.java:86)
	at org.testng.TestNG.runSuitesSequentially(TestNG.java:1224)
	at org.testng.TestNG.runSuitesLocally(TestNG.java:1149)
	at org.testng.TestNG.run(TestNG.java:1057)
	at org.testng.TestNG.privateMain(TestNG.java:1364)
	at org.testng.TestNG.main(TestNG.java:1333)
]]>
            </full-stacktrace>
          </exception> <!-- java.lang.AssertionError -->
          <reporter-output>
          </reporter-output>
        </test-method> <!-- test -->
      </class> <!-- com.org.InforcePro.brokerui.testcases.TC003_Sorting -->
    </test> <!-- TC003_Sorting -->
  </suite> <!-- InforcePro_TestSuite -->
</testng-results>
